============================= test session starts ==============================
platform linux -- Python 3.12.1, pytest-9.1.1, pluggy-1.6.0 -- /home/codespace/.python/current/bin/python3
cachedir: .pytest_cache
rootdir: /workspaces/Research-26-27/project-sentinel-year1
configfile: pyproject.toml
plugins: anyio-4.12.1, cov-7.1.0
collecting ... collected 51 items

tests/test_active_learning.py::test_param_bounds_has_onehot_topology_block PASSED [  1%]
tests/test_active_learning.py::test_decode_params_picks_argmax_topology PASSED [  3%]
tests/test_active_learning.py::test_decode_params_all_topologies_reachable PASSED [  5%]
tests/test_active_learning.py::test_random_params_shape PASSED           [  7%]
tests/test_active_learning.py::test_surrogate_fits_and_predicts_on_new_param_space PASSED [  9%]
tests/test_aggregation.py::test_zipper_compatibility_perfect_match PASSED [ 11%]
tests/test_aggregation.py::test_zipper_compatibility_mismatch_lower PASSED [ 13%]
tests/test_aggregation.py::test_compute_profile_scores_normalized_0_1 PASSED [ 15%]
tests/test_aggregation.py::test_compute_profile_window_count PASSED      [ 17%]
tests/test_aggregation.py::test_compute_profile_deterministic PASSED     [ 19%]
tests/test_atlas.py::test_charge_class PASSED                            [ 21%]
tests/test_atlas.py::test_residue_physchem_aromatic PASSED               [ 23%]
tests/test_atlas.py::test_classify_burial_thresholds PASSED              [ 25%]
tests/test_atlas.py::test_kabsch_rmsd_identical_structures_is_zero PASSED [ 27%]
tests/test_atlas.py::test_kabsch_rmsd_rotation_invariant PASSED          [ 29%]
tests/test_design_geometry.py::test_build_backbone_bond_lengths PASSED   [ 31%]
tests/test_design_geometry.py::test_ideal_alpha_helix_rise PASSED        [ 33%]
tests/test_design_geometry.py::test_no_atom_clashes_within_single_chain PASSED [ 35%]
tests/test_design_geometry.py::test_rotation_matrix_is_orthonormal PASSED [ 37%]
tests/test_design_scoring.py::test_binder_own_max_score_is_not_trivially_one PASSED [ 39%]
tests/test_design_scoring.py::test_developability_flags_known_amyloid_motif PASSED [ 41%]
tests/test_design_scoring.py::test_developability_passes_bland_sequence PASSED [ 43%]
tests/test_design_scoring.py::test_cysteine_check PASSED                 [ 45%]
tests/test_io.py::test_parse_fasta PASSED                                [ 47%]
tests/test_io.py::test_build_aggregation_constructs PASSED               [ 49%]
tests/test_io.py::test_panel_manifest_has_ten_verified_structures PASSED [ 50%]
tests/test_md.py::test_rmsf_shape_consistency PASSED                     [ 52%]
tests/test_md.py::test_md_results_exist_and_actual_ns_logged PASSED      [ 54%]
tests/test_md.py::test_hexapeptides_lose_beta_structure_in_isolation PASSED [ 56%]
tests/test_outputs_exist.py::test_atlas_outputs PASSED                   [ 58%]
tests/test_outputs_exist.py::test_figures_generated PASSED               [ 60%]
tests/test_outputs_exist.py::test_benchmarks_outputs PASSED              [ 62%]
tests/test_outputs_exist.py::test_design_leads_are_valid_sequences PASSED [ 64%]
tests/test_outputs_exist.py::test_provenance_ledger_populated PASSED     [ 66%]
tests/test_pipeline_wiring.py::test_fetch_sequence_writes_compute_profile PASSED [ 68%]
tests/test_pipeline_wiring.py::test_gpu_tier_status_self_heals_without_preexisting_profile PASSED [ 70%]
tests/test_scientific_validation.py::test_phf6_ranked_top PASSED         [ 72%]
tests/test_scientific_validation.py::test_vqiink_buries_more_than_vqivyk PASSED [ 74%]
tests/test_scientific_validation.py::test_ad_selective_designs_prefer_ad_tip PASSED [ 76%]
tests/test_scientific_validation.py::test_active_learning_beats_random PASSED [ 78%]
tests/test_scientific_validation.py::test_determinism PASSED             [ 80%]
tests/test_topology_builder.py::test_hairpin_helices_are_actually_antiparallel_and_packed PASSED [ 82%]
tests/test_topology_builder.py::test_three_helix_bundle_is_compact_not_a_flat_row PASSED [ 84%]
tests/test_topology_builder.py::test_no_backbone_clashes_or_absurd_stretching PASSED [ 86%]
tests/test_topology_builder.py::test_mixed_helix_strand_helix_topology_builds PASSED [ 88%]
tests/test_topology_builder.py::test_deterministic_given_seed PASSED     [ 90%]
tests/test_topology_builder.py::test_different_seeds_give_different_roll_but_same_packing PASSED [ 92%]
tests/test_utils.py::test_config_loads PASSED                            [ 94%]
tests/test_utils.py::test_set_global_seed_reproducible PASSED            [ 96%]
tests/test_utils.py::test_compute_tier_detection PASSED                  [ 98%]
tests/test_utils.py::test_provenance_sha256 PASSED                       [100%]

=============================== warnings summary ===============================
tests/test_active_learning.py::test_surrogate_fits_and_predicts_on_new_param_space
  /home/codespace/.python/current/lib/python3.12/site-packages/sklearn/gaussian_process/kernels.py:455: ConvergenceWarning: The optimal value found for dimension 0 of parameter k1__k2__length_scale is close to the specified upper bound 100000.0. Increasing the bound and calling fit again may find a better value.
    warnings.warn(

tests/test_active_learning.py::test_surrogate_fits_and_predicts_on_new_param_space
  /home/codespace/.python/current/lib/python3.12/site-packages/sklearn/gaussian_process/kernels.py:455: ConvergenceWarning: The optimal value found for dimension 1 of parameter k1__k2__length_scale is close to the specified upper bound 100000.0. Increasing the bound and calling fit again may find a better value.
    warnings.warn(

tests/test_active_learning.py::test_surrogate_fits_and_predicts_on_new_param_space
  /home/codespace/.python/current/lib/python3.12/site-packages/sklearn/gaussian_process/kernels.py:455: ConvergenceWarning: The optimal value found for dimension 3 of parameter k1__k2__length_scale is close to the specified upper bound 100000.0. Increasing the bound and calling fit again may find a better value.
    warnings.warn(

tests/test_active_learning.py::test_surrogate_fits_and_predicts_on_new_param_space
  /home/codespace/.python/current/lib/python3.12/site-packages/sklearn/gaussian_process/kernels.py:455: ConvergenceWarning: The optimal value found for dimension 6 of parameter k1__k2__length_scale is close to the specified upper bound 100000.0. Increasing the bound and calling fit again may find a better value.
    warnings.warn(

tests/test_active_learning.py::test_surrogate_fits_and_predicts_on_new_param_space
  /home/codespace/.python/current/lib/python3.12/site-packages/sklearn/gaussian_process/kernels.py:445: ConvergenceWarning: The optimal value found for dimension 0 of parameter k2__noise_level is close to the specified lower bound 1e-05. Decreasing the bound and calling fit again may find a better value.
    warnings.warn(

-- Docs: https://docs.pytest.org/en/stable/how-to/capture-warnings.html
======================== 51 passed, 5 warnings in 5.02s ========================
